#
# There is insufficient memory for the Java Runtime Environment to continue.
# Native memory allocation (malloc) failed to allocate 832848 bytes for Chunk::new
# Possible reasons:
#   The system is out of physical RAM or swap space
#   The process is running with CompressedOops enabled, and the Java Heap may be blocking the growth of the native heap
# Possible solutions:
#   Reduce memory load on the system
#   Increase physical memory or swap space
#   Check if swap backing store is full
#   Decrease Java heap size (-Xmx/-Xms)
#   Decrease number of Java threads
#   Decrease Java thread stack sizes (-Xss)
#   Set larger code cache with -XX:ReservedCodeCacheSize=
#   JVM is running with Unscaled Compressed Oops mode in which the Java heap is
#     placed in the first 4GB address space. The Java Heap base address is the
#     maximum limit for the native heap growth. Please use -XX:HeapBaseMinAddress
#     to set the Java Heap base and to place the Java Heap above 4GB virtual address.
# This output file may be truncated or incomplete.
#
#  Out of Memory Error (arena.cpp:184), pid=6896, tid=14188
#
# JRE version: Java(TM) SE Runtime Environment (19.0.2+7) (build 19.0.2+7-44)
# Java VM: Java HotSpot(TM) 64-Bit Server VM (19.0.2+7-44, mixed mode, sharing, tiered, compressed oops, compressed class ptrs, g1 gc, windows-amd64)
# No core dump will be written. Minidumps are not enabled by default on client versions of Windows
#

---------------  S U M M A R Y ------------

Command Line: -agentlib:jdwp=transport=dt_socket,address=127.0.0.1:51493,suspend=y,server=n -Dfile.encoding=UTF-8 -Dsun.stdout.encoding=UTF-8 -Dsun.stderr.encoding=UTF-8 com.headout.assignment.headout.application.HeadoutApplication

Host: Intel(R) Core(TM) i3-7020U CPU @ 2.30GHz, 4 cores, 7G,  Windows 11 , 64 bit Build 22621 (10.0.22621.4391)
Time: Sat Mar  1 23:50:34 2025 India Standard Time elapsed time: 2.290866 seconds (0d 0h 0m 2s)

---------------  T H R E A D  ---------------

Current thread (0x000001c417f2c700):  JavaThread "C2 CompilerThread1" daemon [_thread_in_native, id=14188, stack(0x0000004fd8f00000,0x0000004fd9000000)]


Current CompileTask:
C2:   2291 1627       4       org.springframework.boot.context.properties.source.ConfigurationPropertyName$ElementsParser::parse (234 bytes)

Stack: [0x0000004fd8f00000,0x0000004fd9000000]
Native frames: (J=compiled Java code, j=interpreted, Vv=VM code, C=native code)
V  [jvm.dll+0x6ee21a]
V  [jvm.dll+0x85765e]
V  [jvm.dll+0x85904e]
V  [jvm.dll+0x859703]
V  [jvm.dll+0x28298f]
V  [jvm.dll+0xc9adf]
V  [jvm.dll+0xc9e65]
V  [jvm.dll+0x3bca4c]
V  [jvm.dll+0x3860e1]
V  [jvm.dll+0x38555a]
V  [jvm.dll+0x24c3d9]
V  [jvm.dll+0x24b781]
V  [jvm.dll+0x1d6ce1]
V  [jvm.dll+0x25b25a]
V  [jvm.dll+0x2596e8]
V  [jvm.dll+0x807588]
V  [jvm.dll+0x80125a]
V  [jvm.dll+0x6ecf0b]
C  [ucrtbase.dll+0x29333]
C  [KERNEL32.DLL+0x1259d]
C  [ntdll.dll+0x5af38]


---------------  P R O C E S S  ---------------

Threads class SMR info:
_java_thread_list=0x000001c417782730, length=17, elements={
0x000001c4742687e0, 0x000001c47f2321e0, 0x000001c47f233170, 0x000001c47f234e50,
0x000001c47f237890, 0x000001c47f23a1d0, 0x000001c47f23f200, 0x000001c47f23fcd0,
0x000001c47f245e90, 0x000001c417110060, 0x000001c4171f2700, 0x000001c4171f2e60,
0x000001c41720fe50, 0x000001c417214270, 0x000001c4172196a0, 0x000001c417f2c700,
0x000001c417f6a040
}

Java Threads: ( => current thread )
  0x000001c4742687e0 JavaThread "main" [_thread_in_vm, id=2188, stack(0x0000004fd7800000,0x0000004fd7900000)]
  0x000001c47f2321e0 JavaThread "Reference Handler" daemon [_thread_blocked, id=10164, stack(0x0000004fd7f00000,0x0000004fd8000000)]
  0x000001c47f233170 JavaThread "Finalizer" daemon [_thread_blocked, id=8436, stack(0x0000004fd8000000,0x0000004fd8100000)]
  0x000001c47f234e50 JavaThread "Signal Dispatcher" daemon [_thread_blocked, id=13876, stack(0x0000004fd8100000,0x0000004fd8200000)]
  0x000001c47f237890 JavaThread "Attach Listener" daemon [_thread_blocked, id=1800, stack(0x0000004fd8200000,0x0000004fd8300000)]
  0x000001c47f23a1d0 JavaThread "Service Thread" daemon [_thread_blocked, id=9868, stack(0x0000004fd8300000,0x0000004fd8400000)]
  0x000001c47f23f200 JavaThread "Monitor Deflation Thread" daemon [_thread_blocked, id=8644, stack(0x0000004fd8400000,0x0000004fd8500000)]
  0x000001c47f23fcd0 JavaThread "C2 CompilerThread0" daemon [_thread_blocked, id=15200, stack(0x0000004fd8500000,0x0000004fd8600000)]
  0x000001c47f245e90 JavaThread "C1 CompilerThread0" daemon [_thread_blocked, id=14076, stack(0x0000004fd8600000,0x0000004fd8700000)]
  0x000001c417110060 JavaThread "Sweeper thread" daemon [_thread_blocked, id=14952, stack(0x0000004fd8700000,0x0000004fd8800000)]
  0x000001c4171f2700 JavaThread "JDWP Transport Listener: dt_socket" daemon [_thread_blocked, id=6268, stack(0x0000004fd8800000,0x0000004fd8900000)]
  0x000001c4171f2e60 JavaThread "JDWP Event Helper Thread" daemon [_thread_blocked, id=4528, stack(0x0000004fd8900000,0x0000004fd8a00000)]
  0x000001c41720fe50 JavaThread "JDWP Command Reader" daemon [_thread_in_native, id=13360, stack(0x0000004fd8a00000,0x0000004fd8b00000)]
  0x000001c417214270 JavaThread "Notification Thread" daemon [_thread_blocked, id=13088, stack(0x0000004fd8b00000,0x0000004fd8c00000)]
  0x000001c4172196a0 JavaThread "Common-Cleaner" daemon [_thread_blocked, id=13684, stack(0x0000004fd8d00000,0x0000004fd8e00000)]
=>0x000001c417f2c700 JavaThread "C2 CompilerThread1" daemon [_thread_in_native, id=14188, stack(0x0000004fd8f00000,0x0000004fd9000000)]
  0x000001c417f6a040 JavaThread "background-preinit" [_thread_in_vm, id=3316, stack(0x0000004fd9300000,0x0000004fd9400000)]

Other Threads:
  0x000001c47f218410 VMThread "VM Thread" [stack: 0x0000004fd7e00000,0x0000004fd7f00000] [id=8692]
  0x000001c417216bc0 WatcherThread "VM Periodic Task Thread" [stack: 0x0000004fd8c00000,0x0000004fd8d00000] [id=14464]
  0x000001c4742c7fe0 WorkerThread "GC Thread#0" [stack: 0x0000004fd7900000,0x0000004fd7a00000] [id=15092]
  0x000001c4178a2ed0 WorkerThread "GC Thread#1" [stack: 0x0000004fd9000000,0x0000004fd9100000] [id=7572]
  0x000001c4178a31a0 WorkerThread "GC Thread#2" [stack: 0x0000004fd9100000,0x0000004fd9200000] [id=13184]
  0x000001c417881dd0 WorkerThread "GC Thread#3" [stack: 0x0000004fd9200000,0x0000004fd9300000] [id=12236]
  0x000001c4742d8de0 ConcurrentGCThread "G1 Main Marker" [stack: 0x0000004fd7a00000,0x0000004fd7b00000] [id=11776]
  0x000001c4742d9fb0 WorkerThread "G1 Conc#0" [stack: 0x0000004fd7b00000,0x0000004fd7c00000] [id=6016]
  0x000001c47f0cd520 ConcurrentGCThread "G1 Refine#0" [stack: 0x0000004fd7c00000,0x0000004fd7d00000] [id=14164]
  0x000001c47f0ce200 ConcurrentGCThread "G1 Service" [stack: 0x0000004fd7d00000,0x0000004fd7e00000] [id=10552]

Threads with active compile tasks:
C2 CompilerThread1     2342 1627       4       org.springframework.boot.context.properties.source.ConfigurationPropertyName$ElementsParser::parse (234 bytes)

VM state: not at safepoint (normal execution)

VM Mutex/Monitor currently owned by a thread:  ([mutex/lock_event])
[0x000001c474263350] Metaspace_lock - owner thread: 0x000001c4742687e0

Heap address: 0x0000000081800000, size: 2024 MB, Compressed Oops mode: 32-bit

CDS archive(s) mapped at: [0x0000000800000000-0x0000000800c40000-0x0000000800c40000), size 12845056, SharedBaseAddress: 0x0000000800000000, ArchiveRelocationMode: 0.
Compressed class space mapped at: 0x0000000801000000-0x0000000841000000, reserved size: 1073741824
Narrow klass base: 0x0000000800000000, Narrow klass shift: 0, Narrow klass range: 0x100000000

GC Precious Log:
 CardTable entry size: 512
 Card Set container configuration: InlinePtr #cards 5 size 8 Array Of Cards #cards 12 size 40 Howl #buckets 4 coarsen threshold 1843 Howl Bitmap #cards 512 size 80 coarsen threshold 460 Card regions per heap region 1 cards per card region 2048
 CPUs: 4 total, 4 available
 Memory: 8092M
 Large Page Support: Disabled
 NUMA Support: Disabled
 Compressed Oops: Enabled (32-bit)
 Heap Region Size: 1M
 Heap Min Capacity: 8M
 Heap Initial Capacity: 128M
 Heap Max Capacity: 2024M
 Pre-touch: Disabled
 Parallel Workers: 4
 Concurrent Workers: 1
 Concurrent Refinement Workers: 4
 Periodic GC: Disabled

Heap:
 garbage-first heap   total 131072K, used 15203K [0x0000000081800000, 0x0000000100000000)
  region size 1024K, 10 young (10240K), 2 survivors (2048K)
 Metaspace       used 9580K, committed 9856K, reserved 1114112K
  class space    used 1153K, committed 1280K, reserved 1048576K

Heap Regions: E=young(eden), S=young(survivor), O=old, HS=humongous(starts), HC=humongous(continues), CS=collection set, F=free, OA=open archive, CA=closed archive, TAMS=top-at-mark-start (previous, next)
|   0|0x0000000081800000, 0x0000000081900000, 0x0000000081900000|100%|HS|  |TAMS 0x0000000081800000, 0x0000000081800000| Complete 
|   1|0x0000000081900000, 0x0000000081a00000, 0x0000000081a00000|100%|HS|  |TAMS 0x0000000081900000, 0x0000000081900000| Complete 
|   2|0x0000000081a00000, 0x0000000081b00000, 0x0000000081b00000|100%| O|  |TAMS 0x0000000081a00000, 0x0000000081a00000| Untracked 
|   3|0x0000000081b00000, 0x0000000081c00000, 0x0000000081c00000|100%| O|  |TAMS 0x0000000081b00000, 0x0000000081b00000| Untracked 
|   4|0x0000000081c00000, 0x0000000081d00000, 0x0000000081d00000|100%| O|  |TAMS 0x0000000081c00000, 0x0000000081c00000| Untracked 
|   5|0x0000000081d00000, 0x0000000081e00000, 0x0000000081e00000|100%| O|  |TAMS 0x0000000081d00000, 0x0000000081d00000| Untracked 
|   6|0x0000000081e00000, 0x0000000081e9ce00, 0x0000000081f00000| 61%| O|  |TAMS 0x0000000081e00000, 0x0000000081e00000| Untracked 
|   7|0x0000000081f00000, 0x0000000081f00000, 0x0000000082000000|  0%| F|  |TAMS 0x0000000081f00000, 0x0000000081f00000| Untracked 
|   8|0x0000000082000000, 0x0000000082000000, 0x0000000082100000|  0%| F|  |TAMS 0x0000000082000000, 0x0000000082000000| Untracked 
|   9|0x0000000082100000, 0x0000000082100000, 0x0000000082200000|  0%| F|  |TAMS 0x0000000082100000, 0x0000000082100000| Untracked 
|  10|0x0000000082200000, 0x0000000082200000, 0x0000000082300000|  0%| F|  |TAMS 0x0000000082200000, 0x0000000082200000| Untracked 
|  11|0x0000000082300000, 0x0000000082300000, 0x0000000082400000|  0%| F|  |TAMS 0x0000000082300000, 0x0000000082300000| Untracked 
|  12|0x0000000082400000, 0x0000000082400000, 0x0000000082500000|  0%| F|  |TAMS 0x0000000082400000, 0x0000000082400000| Untracked 
|  13|0x0000000082500000, 0x0000000082500000, 0x0000000082600000|  0%| F|  |TAMS 0x0000000082500000, 0x0000000082500000| Untracked 
|  14|0x0000000082600000, 0x0000000082600000, 0x0000000082700000|  0%| F|  |TAMS 0x0000000082600000, 0x0000000082600000| Untracked 
|  15|0x0000000082700000, 0x0000000082700000, 0x0000000082800000|  0%| F|  |TAMS 0x0000000082700000, 0x0000000082700000| Untracked 
|  16|0x0000000082800000, 0x0000000082800000, 0x0000000082900000|  0%| F|  |TAMS 0x0000000082800000, 0x0000000082800000| Untracked 
|  17|0x0000000082900000, 0x0000000082900000, 0x0000000082a00000|  0%| F|  |TAMS 0x0000000082900000, 0x0000000082900000| Untracked 
|  18|0x0000000082a00000, 0x0000000082a00000, 0x0000000082b00000|  0%| F|  |TAMS 0x0000000082a00000, 0x0000000082a00000| Untracked 
|  19|0x0000000082b00000, 0x0000000082b00000, 0x0000000082c00000|  0%| F|  |TAMS 0x0000000082b00000, 0x0000000082b00000| Untracked 
|  20|0x0000000082c00000, 0x0000000082c00000, 0x0000000082d00000|  0%| F|  |TAMS 0x0000000082c00000, 0x0000000082c00000| Untracked 
|  21|0x0000000082d00000, 0x0000000082d00000, 0x0000000082e00000|  0%| F|  |TAMS 0x0000000082d00000, 0x0000000082d00000| Untracked 
|  22|0x0000000082e00000, 0x0000000082e00000, 0x0000000082f00000|  0%| F|  |TAMS 0x0000000082e00000, 0x0000000082e00000| Untracked 
|  23|0x0000000082f00000, 0x0000000082f00000, 0x0000000083000000|  0%| F|  |TAMS 0x0000000082f00000, 0x0000000082f00000| Untracked 
|  24|0x0000000083000000, 0x0000000083000000, 0x0000000083100000|  0%| F|  |TAMS 0x0000000083000000, 0x0000000083000000| Untracked 
|  25|0x0000000083100000, 0x0000000083100000, 0x0000000083200000|  0%| F|  |TAMS 0x0000000083100000, 0x0000000083100000| Untracked 
|  26|0x0000000083200000, 0x0000000083200000, 0x0000000083300000|  0%| F|  |TAMS 0x0000000083200000, 0x0000000083200000| Untracked 
|  27|0x0000000083300000, 0x0000000083300000, 0x0000000083400000|  0%| F|  |TAMS 0x0000000083300000, 0x0000000083300000| Untracked 
|  28|0x0000000083400000, 0x0000000083400000, 0x0000000083500000|  0%| F|  |TAMS 0x0000000083400000, 0x0000000083400000| Untracked 
|  29|0x0000000083500000, 0x0000000083500000, 0x0000000083600000|  0%| F|  |TAMS 0x0000000083500000, 0x0000000083500000| Untracked 
|  30|0x0000000083600000, 0x0000000083600000, 0x0000000083700000|  0%| F|  |TAMS 0x0000000083600000, 0x0000000083600000| Untracked 
|  31|0x0000000083700000, 0x0000000083700000, 0x0000000083800000|  0%| F|  |TAMS 0x0000000083700000, 0x0000000083700000| Untracked 
|  32|0x0000000083800000, 0x0000000083800000, 0x0000000083900000|  0%| F|  |TAMS 0x0000000083800000, 0x0000000083800000| Untracked 
|  33|0x0000000083900000, 0x0000000083900000, 0x0000000083a00000|  0%| F|  |TAMS 0x0000000083900000, 0x0000000083900000| Untracked 
|  34|0x0000000083a00000, 0x0000000083a00000, 0x0000000083b00000|  0%| F|  |TAMS 0x0000000083a00000, 0x0000000083a00000| Untracked 
|  35|0x0000000083b00000, 0x0000000083b00000, 0x0000000083c00000|  0%| F|  |TAMS 0x0000000083b00000, 0x0000000083b00000| Untracked 
|  36|0x0000000083c00000, 0x0000000083c00000, 0x0000000083d00000|  0%| F|  |TAMS 0x0000000083c00000, 0x0000000083c00000| Untracked 
|  37|0x0000000083d00000, 0x0000000083d00000, 0x0000000083e00000|  0%| F|  |TAMS 0x0000000083d00000, 0x0000000083d00000| Untracked 
|  38|0x0000000083e00000, 0x0000000083e00000, 0x0000000083f00000|  0%| F|  |TAMS 0x0000000083e00000, 0x0000000083e00000| Untracked 
|  39|0x0000000083f00000, 0x0000000083f00000, 0x0000000084000000|  0%| F|  |TAMS 0x0000000083f00000, 0x0000000083f00000| Untracked 
|  40|0x0000000084000000, 0x0000000084000000, 0x0000000084100000|  0%| F|  |TAMS 0x0000000084000000, 0x0000000084000000| Untracked 
|  41|0x0000000084100000, 0x0000000084100000, 0x0000000084200000|  0%| F|  |TAMS 0x0000000084100000, 0x0000000084100000| Untracked 
|  42|0x0000000084200000, 0x0000000084200000, 0x0000000084300000|  0%| F|  |TAMS 0x0000000084200000, 0x0000000084200000| Untracked 
|  43|0x0000000084300000, 0x0000000084300000, 0x0000000084400000|  0%| F|  |TAMS 0x0000000084300000, 0x0000000084300000| Untracked 
|  44|0x0000000084400000, 0x0000000084400000, 0x0000000084500000|  0%| F|  |TAMS 0x0000000084400000, 0x0000000084400000| Untracked 
|  45|0x0000000084500000, 0x0000000084500000, 0x0000000084600000|  0%| F|  |TAMS 0x0000000084500000, 0x0000000084500000| Untracked 
|  46|0x0000000084600000, 0x0000000084600000, 0x0000000084700000|  0%| F|  |TAMS 0x0000000084600000, 0x0000000084600000| Untracked 
|  47|0x0000000084700000, 0x0000000084700000, 0x0000000084800000|  0%| F|  |TAMS 0x0000000084700000, 0x0000000084700000| Untracked 
|  48|0x0000000084800000, 0x0000000084800000, 0x0000000084900000|  0%| F|  |TAMS 0x0000000084800000, 0x0000000084800000| Untracked 
|  49|0x0000000084900000, 0x0000000084900000, 0x0000000084a00000|  0%| F|  |TAMS 0x0000000084900000, 0x0000000084900000| Untracked 
|  50|0x0000000084a00000, 0x0000000084a00000, 0x0000000084b00000|  0%| F|  |TAMS 0x0000000084a00000, 0x0000000084a00000| Untracked 
|  51|0x0000000084b00000, 0x0000000084b00000, 0x0000000084c00000|  0%| F|  |TAMS 0x0000000084b00000, 0x0000000084b00000| Untracked 
|  52|0x0000000084c00000, 0x0000000084c00000, 0x0000000084d00000|  0%| F|  |TAMS 0x0000000084c00000, 0x0000000084c00000| Untracked 
|  53|0x0000000084d00000, 0x0000000084d00000, 0x0000000084e00000|  0%| F|  |TAMS 0x0000000084d00000, 0x0000000084d00000| Untracked 
|  54|0x0000000084e00000, 0x0000000084e00000, 0x0000000084f00000|  0%| F|  |TAMS 0x0000000084e00000, 0x0000000084e00000| Untracked 
|  55|0x0000000084f00000, 0x0000000084f00000, 0x0000000085000000|  0%| F|  |TAMS 0x0000000084f00000, 0x0000000084f00000| Untracked 
|  56|0x0000000085000000, 0x0000000085000000, 0x0000000085100000|  0%| F|  |TAMS 0x0000000085000000, 0x0000000085000000| Untracked 
|  57|0x0000000085100000, 0x0000000085100000, 0x0000000085200000|  0%| F|  |TAMS 0x0000000085100000, 0x0000000085100000| Untracked 
|  58|0x0000000085200000, 0x0000000085200000, 0x0000000085300000|  0%| F|  |TAMS 0x0000000085200000, 0x0000000085200000| Untracked 
|  59|0x0000000085300000, 0x0000000085300000, 0x0000000085400000|  0%| F|  |TAMS 0x0000000085300000, 0x0000000085300000| Untracked 
|  60|0x0000000085400000, 0x0000000085400000, 0x0000000085500000|  0%| F|  |TAMS 0x0000000085400000, 0x0000000085400000| Untracked 
|  61|0x0000000085500000, 0x0000000085500000, 0x0000000085600000|  0%| F|  |TAMS 0x0000000085500000, 0x0000000085500000| Untracked 
|  62|0x0000000085600000, 0x0000000085600000, 0x0000000085700000|  0%| F|  |TAMS 0x0000000085600000, 0x0000000085600000| Untracked 
|  63|0x0000000085700000, 0x0000000085700000, 0x0000000085800000|  0%| F|  |TAMS 0x0000000085700000, 0x0000000085700000| Untracked 
|  64|0x0000000085800000, 0x0000000085800000, 0x0000000085900000|  0%| F|  |TAMS 0x0000000085800000, 0x0000000085800000| Untracked 
|  65|0x0000000085900000, 0x0000000085900000, 0x0000000085a00000|  0%| F|  |TAMS 0x0000000085900000, 0x0000000085900000| Untracked 
|  66|0x0000000085a00000, 0x0000000085a00000, 0x0000000085b00000|  0%| F|  |TAMS 0x0000000085a00000, 0x0000000085a00000| Untracked 
|  67|0x0000000085b00000, 0x0000000085b00000, 0x0000000085c00000|  0%| F|  |TAMS 0x0000000085b00000, 0x0000000085b00000| Untracked 
|  68|0x0000000085c00000, 0x0000000085c00000, 0x0000000085d00000|  0%| F|  |TAMS 0x0000000085c00000, 0x0000000085c00000| Untracked 
|  69|0x0000000085d00000, 0x0000000085d00000, 0x0000000085e00000|  0%| F|  |TAMS 0x0000000085d00000, 0x0000000085d00000| Untracked 
|  70|0x0000000085e00000, 0x0000000085e00000, 0x0000000085f00000|  0%| F|  |TAMS 0x0000000085e00000, 0x0000000085e00000| Untracked 
|  71|0x0000000085f00000, 0x0000000085f00000, 0x0000000086000000|  0%| F|  |TAMS 0x0000000085f00000, 0x0000000085f00000| Untracked 
|  72|0x0000000086000000, 0x0000000086000000, 0x0000000086100000|  0%| F|  |TAMS 0x0000000086000000, 0x0000000086000000| Untracked 
|  73|0x0000000086100000, 0x0000000086100000, 0x0000000086200000|  0%| F|  |TAMS 0x0000000086100000, 0x0000000086100000| Untracked 
|  74|0x0000000086200000, 0x0000000086200000, 0x0000000086300000|  0%| F|  |TAMS 0x0000000086200000, 0x0000000086200000| Untracked 
|  75|0x0000000086300000, 0x0000000086300000, 0x0000000086400000|  0%| F|  |TAMS 0x0000000086300000, 0x0000000086300000| Untracked 
|  76|0x0000000086400000, 0x0000000086400000, 0x0000000086500000|  0%| F|  |TAMS 0x0000000086400000, 0x0000000086400000| Untracked 
|  77|0x0000000086500000, 0x0000000086500000, 0x0000000086600000|  0%| F|  |TAMS 0x0000000086500000, 0x0000000086500000| Untracked 
|  78|0x0000000086600000, 0x0000000086600000, 0x0000000086700000|  0%| F|  |TAMS 0x0000000086600000, 0x0000000086600000| Untracked 
|  79|0x0000000086700000, 0x0000000086700000, 0x0000000086800000|  0%| F|  |TAMS 0x0000000086700000, 0x0000000086700000| Untracked 
|  80|0x0000000086800000, 0x0000000086800000, 0x0000000086900000|  0%| F|  |TAMS 0x0000000086800000, 0x0000000086800000| Untracked 
|  81|0x0000000086900000, 0x0000000086900000, 0x0000000086a00000|  0%| F|  |TAMS 0x0000000086900000, 0x0000000086900000| Untracked 
|  82|0x0000000086a00000, 0x0000000086a00000, 0x0000000086b00000|  0%| F|  |TAMS 0x0000000086a00000, 0x0000000086a00000| Untracked 
|  83|0x0000000086b00000, 0x0000000086b00000, 0x0000000086c00000|  0%| F|  |TAMS 0x0000000086b00000, 0x0000000086b00000| Untracked 
|  84|0x0000000086c00000, 0x0000000086c00000, 0x0000000086d00000|  0%| F|  |TAMS 0x0000000086c00000, 0x0000000086c00000| Untracked 
|  85|0x0000000086d00000, 0x0000000086d00000, 0x0000000086e00000|  0%| F|  |TAMS 0x0000000086d00000, 0x0000000086d00000| Untracked 
|  86|0x0000000086e00000, 0x0000000086e00000, 0x0000000086f00000|  0%| F|  |TAMS 0x0000000086e00000, 0x0000000086e00000| Untracked 
|  87|0x0000000086f00000, 0x0000000086f00000, 0x0000000087000000|  0%| F|  |TAMS 0x0000000086f00000, 0x0000000086f00000| Untracked 
|  88|0x0000000087000000, 0x0000000087000000, 0x0000000087100000|  0%| F|  |TAMS 0x0000000087000000, 0x0000000087000000| Untracked 
|  89|0x0000000087100000, 0x0000000087100000, 0x0000000087200000|  0%| F|  |TAMS 0x0000000087100000, 0x0000000087100000| Untracked 
|  90|0x0000000087200000, 0x0000000087200000, 0x0000000087300000|  0%| F|  |TAMS 0x0000000087200000, 0x0000000087200000| Untracked 
|  91|0x0000000087300000, 0x0000000087300000, 0x0000000087400000|  0%| F|  |TAMS 0x0000000087300000, 0x0000000087300000| Untracked 
|  92|0x0000000087400000, 0x0000000087400000, 0x0000000087500000|  0%| F|  |TAMS 0x0000000087400000, 0x0000000087400000| Untracked 
|  93|0x0000000087500000, 0x0000000087500000, 0x0000000087600000|  0%| F|  |TAMS 0x0000000087500000, 0x0000000087500000| Untracked 
|  94|0x0000000087600000, 0x0000000087600000, 0x0000000087700000|  0%| F|  |TAMS 0x0000000087600000, 0x0000000087600000| Untracked 
|  95|0x0000000087700000, 0x0000000087700000, 0x0000000087800000|  0%| F|  |TAMS 0x0000000087700000, 0x0000000087700000| Untracked 
|  96|0x0000000087800000, 0x0000000087800000, 0x0000000087900000|  0%| F|  |TAMS 0x0000000087800000, 0x0000000087800000| Untracked 
|  97|0x0000000087900000, 0x0000000087900000, 0x0000000087a00000|  0%| F|  |TAMS 0x0000000087900000, 0x0000000087900000| Untracked 
|  98|0x0000000087a00000, 0x0000000087a00000, 0x0000000087b00000|  0%| F|  |TAMS 0x0000000087a00000, 0x0000000087a00000| Untracked 
|  99|0x0000000087b00000, 0x0000000087b00000, 0x0000000087c00000|  0%| F|  |TAMS 0x0000000087b00000, 0x0000000087b00000| Untracked 
| 100|0x0000000087c00000, 0x0000000087c00000, 0x0000000087d00000|  0%| F|  |TAMS 0x0000000087c00000, 0x0000000087c00000| Untracked 
| 101|0x0000000087d00000, 0x0000000087d00000, 0x0000000087e00000|  0%| F|  |TAMS 0x0000000087d00000, 0x0000000087d00000| Untracked 
| 102|0x0000000087e00000, 0x0000000087e00000, 0x0000000087f00000|  0%| F|  |TAMS 0x0000000087e00000, 0x0000000087e00000| Untracked 
| 103|0x0000000087f00000, 0x0000000087f00000, 0x0000000088000000|  0%| F|  |TAMS 0x0000000087f00000, 0x0000000087f00000| Untracked 
| 104|0x0000000088000000, 0x0000000088000000, 0x0000000088100000|  0%| F|  |TAMS 0x0000000088000000, 0x0000000088000000| Untracked 
| 105|0x0000000088100000, 0x0000000088100000, 0x0000000088200000|  0%| F|  |TAMS 0x0000000088100000, 0x0000000088100000| Untracked 
| 106|0x0000000088200000, 0x0000000088200000, 0x0000000088300000|  0%| F|  |TAMS 0x0000000088200000, 0x0000000088200000| Untracked 
| 107|0x0000000088300000, 0x0000000088300000, 0x0000000088400000|  0%| F|  |TAMS 0x0000000088300000, 0x0000000088300000| Untracked 
| 108|0x0000000088400000, 0x0000000088400000, 0x0000000088500000|  0%| F|  |TAMS 0x0000000088400000, 0x0000000088400000| Untracked 
| 109|0x0000000088500000, 0x0000000088500000, 0x0000000088600000|  0%| F|  |TAMS 0x0000000088500000, 0x0000000088500000| Untracked 
| 110|0x0000000088600000, 0x0000000088600000, 0x0000000088700000|  0%| F|  |TAMS 0x0000000088600000, 0x0000000088600000| Untracked 
| 111|0x0000000088700000, 0x000000008873be20, 0x0000000088800000| 23%| S|CS|TAMS 0x0000000088700000, 0x0000000088700000| Complete 
| 112|0x0000000088800000, 0x0000000088900000, 0x0000000088900000|100%| S|CS|TAMS 0x0000000088800000, 0x0000000088800000| Complete 
| 113|0x0000000088900000, 0x0000000088900000, 0x0000000088a00000|  0%| F|  |TAMS 0x0000000088900000, 0x0000000088900000| Untracked 
| 114|0x0000000088a00000, 0x0000000088a00000, 0x0000000088b00000|  0%| F|  |TAMS 0x0000000088a00000, 0x0000000088a00000| Untracked 
| 115|0x0000000088b00000, 0x0000000088b00000, 0x0000000088c00000|  0%| F|  |TAMS 0x0000000088b00000, 0x0000000088b00000| Untracked 
| 116|0x0000000088c00000, 0x0000000088c00000, 0x0000000088d00000|  0%| F|  |TAMS 0x0000000088c00000, 0x0000000088c00000| Untracked 
| 117|0x0000000088d00000, 0x0000000088d00000, 0x0000000088e00000|  0%| F|  |TAMS 0x0000000088d00000, 0x0000000088d00000| Untracked 
| 118|0x0000000088e00000, 0x0000000088e00000, 0x0000000088f00000|  0%| F|  |TAMS 0x0000000088e00000, 0x0000000088e00000| Untracked 
| 119|0x0000000088f00000, 0x0000000088f00000, 0x0000000089000000|  0%| F|  |TAMS 0x0000000088f00000, 0x0000000088f00000| Untracked 
| 120|0x0000000089000000, 0x0000000089100000, 0x0000000089100000|100%| E|  |TAMS 0x0000000089000000, 0x0000000089000000| Complete 
| 121|0x0000000089100000, 0x0000000089200000, 0x0000000089200000|100%| E|CS|TAMS 0x0000000089100000, 0x0000000089100000| Complete 
| 122|0x0000000089200000, 0x0000000089300000, 0x0000000089300000|100%| E|CS|TAMS 0x0000000089200000, 0x0000000089200000| Complete 
| 123|0x0000000089300000, 0x0000000089400000, 0x0000000089400000|100%| E|CS|TAMS 0x0000000089300000, 0x0000000089300000| Complete 
| 124|0x0000000089400000, 0x0000000089500000, 0x0000000089500000|100%| E|CS|TAMS 0x0000000089400000, 0x0000000089400000| Complete 
| 125|0x0000000089500000, 0x0000000089600000, 0x0000000089600000|100%| E|CS|TAMS 0x0000000089500000, 0x0000000089500000| Complete 
| 126|0x0000000089600000, 0x0000000089700000, 0x0000000089700000|100%| E|CS|TAMS 0x0000000089600000, 0x0000000089600000| Complete 
| 127|0x0000000089700000, 0x0000000089800000, 0x0000000089800000|100%| E|CS|TAMS 0x0000000089700000, 0x0000000089700000| Complete 

Card table byte_map: [0x000001c47c5c0000,0x000001c47c9c0000] _byte_map_base: 0x000001c47c1b4000

Marking Bits (Prev, Next): (CMBitMap*) 0x000001c4742c8610, (CMBitMap*) 0x000001c4742c8650
 Prev Bits: [0x000001c47cdc0000, 0x000001c47ed60000)
 Next Bits: [0x000001c40f000000, 0x000001c410fa0000)

Polling page: 0x000001c472250000

Metaspace:

Usage:
  Non-class:      8.23 MB used.
      Class:      1.13 MB used.
       Both:      9.36 MB used.

Virtual space:
  Non-class space:       64.00 MB reserved,       8.38 MB ( 13%) committed,  1 nodes.
      Class space:        1.00 GB reserved,       1.25 MB ( <1%) committed,  1 nodes.
             Both:        1.06 GB reserved,       9.62 MB ( <1%) committed. 

Chunk freelists:
   Non-Class:  2.98 MB
       Class:  2.73 MB
        Both:  5.72 MB

MaxMetaspaceSize: unlimited
CompressedClassSpaceSize: 1.00 GB
Initial GC threshold: 21.00 MB
Current GC threshold: 21.00 MB
CDS: on
MetaspaceReclaimPolicy: balanced
 - commit_granule_bytes: 65536.
 - commit_granule_words: 8192.
 - virtual_space_node_default_size: 8388608.
 - enlarge_chunks_in_place: 1.
 - new_chunks_are_fully_committed: 0.
 - uncommit_free_chunks: 1.
 - use_allocation_guard: 0.


Internal statistics:

num_allocs_failed_limit: 0.
num_arena_births: 272.
num_arena_deaths: 0.
num_vsnodes_births: 2.
num_vsnodes_deaths: 0.
num_space_committed: 154.
num_space_uncommitted: 0.
num_chunks_returned_to_freelist: 0.
num_chunks_taken_from_freelist: 583.
num_chunk_merges: 0.
num_chunk_splits: 359.
num_chunks_enlarged: 258.
num_inconsistent_stats: 0.

CodeHeap 'non-profiled nmethods': size=120000Kb used=560Kb max_used=560Kb free=119439Kb
 bounds [0x000001c407ad0000, 0x000001c407d40000, 0x000001c40f000000]
CodeHeap 'profiled nmethods': size=120000Kb used=3087Kb max_used=3087Kb free=116912Kb
 bounds [0x000001c400000000, 0x000001c400310000, 0x000001c407530000]
CodeHeap 'non-nmethods': size=5760Kb used=1333Kb max_used=1356Kb free=4426Kb
 bounds [0x000001c407530000, 0x000001c4077a0000, 0x000001c407ad0000]
 total_blobs=2147 nmethods=1674 adapters=383
 compilation: enabled
              stopped_count=0, restarted_count=0
 full_count=0

Compilation events (20 events):
Event: 2.281 Thread 0x000001c47f23fcd0 nmethod 1660 0x000001c407b58f10 code [0x000001c407b590a0, 0x000001c407b59288]
Event: 2.281 Thread 0x000001c47f23fcd0 1661       4       jdk.internal.loader.URLClassPath::getResource (74 bytes)
Event: 2.281 Thread 0x000001c47f245e90 1662       3       jdk.internal.module.Builder::newExports (11 bytes)
Event: 2.281 Thread 0x000001c47f245e90 nmethod 1662 0x000001c4002fe790 code [0x000001c4002fe940, 0x000001c4002fea88]
Event: 2.281 Thread 0x000001c47f245e90 1663       3       java.lang.module.ModuleDescriptor$1::newExports (14 bytes)
Event: 2.282 Thread 0x000001c47f245e90 nmethod 1663 0x000001c4002feb10 code [0x000001c4002fece0, 0x000001c4002ff098]
Event: 2.282 Thread 0x000001c47f245e90 1664       3       java.util.ImmutableCollections$SetN::hashCode (46 bytes)
Event: 2.282 Thread 0x000001c47f245e90 nmethod 1664 0x000001c4002ff210 code [0x000001c4002ff3c0, 0x000001c4002ff6c8]
Event: 2.282 Thread 0x000001c47f245e90 1666       3       java.util.ImmutableCollections$SetN::<init> (90 bytes)
Event: 2.284 Thread 0x000001c47f245e90 nmethod 1666 0x000001c4002ff810 code [0x000001c4002ffac0, 0x000001c400300828]
Event: 2.284 Thread 0x000001c47f245e90 1667       3       java.lang.module.ModuleDescriptor$Exports::equals (60 bytes)
Event: 2.284 Thread 0x000001c47f245e90 nmethod 1667 0x000001c400300d90 code [0x000001c400300fa0, 0x000001c400301968]
Event: 2.285 Thread 0x000001c47f245e90 1669       3       jdk.internal.module.Builder::newRequires (7 bytes)
Event: 2.285 Thread 0x000001c47f245e90 nmethod 1669 0x000001c400301b90 code [0x000001c400301d40, 0x000001c400301e88]
Event: 2.285 Thread 0x000001c47f245e90 1665       1       java.lang.module.ModuleDescriptor$Version::toString (5 bytes)
Event: 2.285 Thread 0x000001c47f245e90 nmethod 1665 0x000001c407b59410 code [0x000001c407b595a0, 0x000001c407b59658]
Event: 2.285 Thread 0x000001c47f245e90 1671       3       java.net.URI::hash (33 bytes)
Event: 2.286 Thread 0x000001c47f245e90 nmethod 1671 0x000001c400301f10 code [0x000001c400302120, 0x000001c4003025b8]
Event: 2.286 Thread 0x000001c47f245e90 1672       3       java.net.URI::toLower (19 bytes)
Event: 2.286 Thread 0x000001c47f245e90 nmethod 1672 0x000001c400302790 code [0x000001c400302940, 0x000001c400302ad8]

GC Heap History (4 events):
Event: 1.185 GC heap before
{Heap before GC invocations=0 (full 0):
 garbage-first heap   total 131072K, used 14336K [0x0000000081800000, 0x0000000100000000)
  region size 1024K, 13 young (13312K), 0 survivors (0K)
 Metaspace       used 3592K, committed 3776K, reserved 1114112K
  class space    used 364K, committed 448K, reserved 1048576K
}
Event: 1.191 GC heap after
{Heap after GC invocations=1 (full 0):
 garbage-first heap   total 131072K, used 6586K [0x0000000081800000, 0x0000000100000000)
  region size 1024K, 2 young (2048K), 2 survivors (2048K)
 Metaspace       used 3592K, committed 3776K, reserved 1114112K
  class space    used 364K, committed 448K, reserved 1048576K
}
Event: 1.934 GC heap before
{Heap before GC invocations=1 (full 0):
 garbage-first heap   total 131072K, used 18874K [0x0000000081800000, 0x0000000100000000)
  region size 1024K, 15 young (15360K), 2 survivors (2048K)
 Metaspace       used 7319K, committed 7552K, reserved 1114112K
  class space    used 851K, committed 960K, reserved 1048576K
}
Event: 1.941 GC heap after
{Heap after GC invocations=2 (full 0):
 garbage-first heap   total 131072K, used 8035K [0x0000000081800000, 0x0000000100000000)
  region size 1024K, 2 young (2048K), 2 survivors (2048K)
 Metaspace       used 7319K, committed 7552K, reserved 1114112K
  class space    used 851K, committed 960K, reserved 1048576K
}

Dll operation events (6 events):
Event: 0.019 Loaded shared library C:\Program Files\Java\jdk-19\bin\java.dll
Event: 0.043 Loaded shared library C:\Program Files\Java\jdk-19\bin\jsvml.dll
Event: 0.281 Loaded shared library C:\Program Files\Java\jdk-19\bin\net.dll
Event: 0.283 Loaded shared library C:\Program Files\Java\jdk-19\bin\nio.dll
Event: 0.293 Loaded shared library C:\Program Files\Java\jdk-19\bin\zip.dll
Event: 0.686 Loaded shared library C:\Program Files\Java\jdk-19\bin\jimage.dll

Deoptimization events (20 events):
Event: 2.204 Thread 0x000001c417f6a040 DEOPT PACKING pc=0x000001c4000ff1e1 sp=0x0000004fd93fde50
Event: 2.204 Thread 0x000001c417f6a040 DEOPT UNPACKING pc=0x000001c407597543 sp=0x0000004fd93fd2a8 mode 1
Event: 2.204 Thread 0x000001c417f6a040 DEOPT PACKING pc=0x000001c4000feb5c sp=0x0000004fd93fdee0
Event: 2.204 Thread 0x000001c417f6a040 DEOPT UNPACKING pc=0x000001c407597543 sp=0x0000004fd93fd388 mode 1
Event: 2.204 Thread 0x000001c417f6a040 DEOPT PACKING pc=0x000001c4001ca764 sp=0x0000004fd93fe860
Event: 2.204 Thread 0x000001c417f6a040 DEOPT UNPACKING pc=0x000001c407597543 sp=0x0000004fd93fdd28 mode 1
Event: 2.204 Thread 0x000001c417f6a040 DEOPT PACKING pc=0x000001c40018fc5c sp=0x0000004fd93fe8f0
Event: 2.205 Thread 0x000001c417f6a040 DEOPT UNPACKING pc=0x000001c407597543 sp=0x0000004fd93fddc8 mode 1
Event: 2.205 Thread 0x000001c417f6a040 DEOPT PACKING pc=0x000001c4000ff1e1 sp=0x0000004fd93fde50
Event: 2.205 Thread 0x000001c417f6a040 DEOPT UNPACKING pc=0x000001c407597543 sp=0x0000004fd93fd2a8 mode 1
Event: 2.205 Thread 0x000001c417f6a040 DEOPT PACKING pc=0x000001c4000feb5c sp=0x0000004fd93fdee0
Event: 2.205 Thread 0x000001c417f6a040 DEOPT UNPACKING pc=0x000001c407597543 sp=0x0000004fd93fd388 mode 1
Event: 2.205 Thread 0x000001c417f6a040 DEOPT PACKING pc=0x000001c4001ca764 sp=0x0000004fd93fe860
Event: 2.205 Thread 0x000001c417f6a040 DEOPT UNPACKING pc=0x000001c407597543 sp=0x0000004fd93fdd28 mode 1
Event: 2.205 Thread 0x000001c417f6a040 DEOPT PACKING pc=0x000001c40018fc5c sp=0x0000004fd93fe8f0
Event: 2.205 Thread 0x000001c417f6a040 DEOPT UNPACKING pc=0x000001c407597543 sp=0x0000004fd93fddc8 mode 1
Event: 2.221 Thread 0x000001c4742687e0 DEOPT PACKING pc=0x000001c4000d0b94 sp=0x0000004fd78fed50
Event: 2.221 Thread 0x000001c4742687e0 DEOPT UNPACKING pc=0x000001c407597543 sp=0x0000004fd78fe2f8 mode 1
Event: 2.222 Thread 0x000001c4742687e0 DEOPT PACKING pc=0x000001c4000fe6dc sp=0x0000004fd78fef00
Event: 2.222 Thread 0x000001c4742687e0 DEOPT UNPACKING pc=0x000001c407597543 sp=0x0000004fd78fe3c8 mode 1

Classes loaded (20 events):
Event: 2.273 Loading class com/sun/org/apache/xalan/internal/utils/FeaturePropertyBase done
Event: 2.273 Loading class com/sun/org/apache/xalan/internal/utils/XMLSecurityPropertyManager done
Event: 2.273 Loading class com/sun/org/apache/xalan/internal/utils/FeaturePropertyBase$State
Event: 2.273 Loading class com/sun/org/apache/xalan/internal/utils/FeaturePropertyBase$State done
Event: 2.273 Loading class com/sun/org/apache/xalan/internal/utils/XMLSecurityPropertyManager$Property
Event: 2.274 Loading class com/sun/org/apache/xalan/internal/utils/XMLSecurityPropertyManager$Property done
Event: 2.274 Loading class jdk/xml/internal/XMLSecurityManager
Event: 2.274 Loading class jdk/xml/internal/XMLSecurityManager done
Event: 2.275 Loading class jdk/xml/internal/XMLSecurityManager$Limit
Event: 2.275 Loading class jdk/xml/internal/XMLSecurityManager$Limit done
Event: 2.275 Loading class jdk/xml/internal/XMLSecurityManager$Processor
Event: 2.275 Loading class jdk/xml/internal/XMLSecurityManager$Processor done
Event: 2.275 Loading class jdk/xml/internal/XMLSecurityManager$NameMap
Event: 2.276 Loading class jdk/xml/internal/XMLSecurityManager$NameMap done
Event: 2.276 Loading class jdk/xml/internal/JdkProperty
Event: 2.276 Loading class jdk/xml/internal/JdkProperty done
Event: 2.279 Loading class java/nio/file/FileSystemNotFoundException
Event: 2.279 Loading class java/nio/file/FileSystemNotFoundException done
Event: 2.279 Loading class java/util/zip/ZipException
Event: 2.280 Loading class java/util/zip/ZipException done

Classes unloaded (0 events):
No events

Classes redefined (0 events):
No events

Internal exceptions (20 events):
Event: 1.732 Thread 0x000001c4742687e0 Exception <a 'java/lang/NoSuchMethodError'{0x0000000088e8ebe0}: 'java.lang.Object java.lang.invoke.DirectMethodHandle$Holder.invokeSpecial(java.lang.Object, java.lang.Object, java.lang.Object, java.lang.Object, java.lang.Object, java.lang.Object, int)'> (0x0000000088e8ebe0) 
thrown [s\open\src\hotspot\share\interpreter\linkResolver.cpp, line 774]
Event: 1.734 Thread 0x000001c4742687e0 Exception <a 'java/lang/NoSuchMethodError'{0x0000000088e99160}: 'java.lang.Object java.lang.invoke.DirectMethodHandle$Holder.newInvokeSpecial(java.lang.Object, java.lang.Object, java.lang.Object, java.lang.Object, java.lang.Object, java.lang.Object, int)'> (0x0000000088e99160) 
thrown [s\open\src\hotspot\share\interpreter\linkResolver.cpp, line 774]
Event: 1.734 Thread 0x000001c4742687e0 Exception <a 'java/lang/NoSuchMethodError'{0x0000000088e9e1c8}: 'java.lang.Object java.lang.invoke.DirectMethodHandle$Holder.invokeSpecial(java.lang.Object, java.lang.Object, java.lang.Object, java.lang.Object, java.lang.Object, java.lang.Object, java.lang.Object, int)'> (0x0000000088e9e1c8) 
thrown [s\open\src\hotspot\share\interpreter\linkResolver.cpp, line 774]
Event: 1.800 Thread 0x000001c4742687e0 Exception <a 'java/lang/NoSuchMethodError'{0x0000000088dc7d90}: 'int java.lang.invoke.DirectMethodHandle$Holder.invokeInterface(java.lang.Object, java.lang.Object)'> (0x0000000088dc7d90) 
thrown [s\open\src\hotspot\share\interpreter\linkResolver.cpp, line 774]
Event: 1.813 Thread 0x000001c4742687e0 Exception <a 'java/lang/NoSuchMethodError'{0x0000000088def1d0}: 'void java.lang.invoke.DirectMethodHandle$Holder.invokeSpecial(java.lang.Object, java.lang.Object, java.lang.Object, java.lang.Object, java.lang.Object)'> (0x0000000088def1d0) 
thrown [s\open\src\hotspot\share\interpreter\linkResolver.cpp, line 774]
Event: 1.869 Thread 0x000001c4742687e0 Exception <a 'java/lang/NoSuchMethodError'{0x0000000088ccb350}: 'java.lang.Object java.lang.invoke.DirectMethodHandle$Holder.invokeSpecial(java.lang.Object, java.lang.Object, java.lang.Object, int, java.lang.Object)'> (0x0000000088ccb350) 
thrown [s\open\src\hotspot\share\interpreter\linkResolver.cpp, line 774]
Event: 1.870 Thread 0x000001c4742687e0 Exception <a 'java/lang/NoSuchMethodError'{0x0000000088cd39c0}: 'java.lang.Object java.lang.invoke.DirectMethodHandle$Holder.newInvokeSpecial(java.lang.Object, java.lang.Object, java.lang.Object, int, java.lang.Object)'> (0x0000000088cd39c0) 
thrown [s\open\src\hotspot\share\interpreter\linkResolver.cpp, line 774]
Event: 1.871 Thread 0x000001c4742687e0 Exception <a 'java/lang/NoSuchMethodError'{0x0000000088cdb3b0}: 'java.lang.Object java.lang.invoke.Invokers$Holder.linkToTargetMethod(java.lang.Object, java.lang.Object, int, java.lang.Object, java.lang.Object)'> (0x0000000088cdb3b0) 
thrown [s\open\src\hotspot\share\interpreter\linkResolver.cpp, line 774]
Event: 1.874 Thread 0x000001c4742687e0 Exception <a 'java/lang/NoSuchMethodError'{0x0000000088ce9cf8}: 'java.lang.Object java.lang.invoke.DirectMethodHandle$Holder.newInvokeSpecial(java.lang.Object, int, java.lang.Object)'> (0x0000000088ce9cf8) 
thrown [s\open\src\hotspot\share\interpreter\linkResolver.cpp, line 774]
Event: 1.875 Thread 0x000001c4742687e0 Exception <a 'java/lang/NoSuchMethodError'{0x0000000088cee9d0}: 'int java.lang.invoke.DirectMethodHandle$Holder.invokeSpecialIFC(java.lang.Object, java.lang.Object, java.lang.Object, java.lang.Object)'> (0x0000000088cee9d0) 
thrown [s\open\src\hotspot\share\interpreter\linkResolver.cpp, line 774]
Event: 1.917 Thread 0x000001c4742687e0 Exception <a 'java/lang/NoSuchMethodError'{0x0000000088bbf4f0}: 'void java.lang.invoke.DirectMethodHandle$Holder.invokeInterface(java.lang.Object, java.lang.Object, java.lang.Object)'> (0x0000000088bbf4f0) 
thrown [s\open\src\hotspot\share\interpreter\linkResolver.cpp, line 774]
Event: 1.960 Thread 0x000001c4742687e0 Exception <a 'java/lang/NoSuchMethodError'{0x000000008976f450}: 'void java.lang.invoke.DirectMethodHandle$Holder.invokeStaticInit(java.lang.Object, java.lang.Object, java.lang.Object)'> (0x000000008976f450) 
thrown [s\open\src\hotspot\share\interpreter\linkResolver.cpp, line 774]
Event: 1.970 Thread 0x000001c4742687e0 Exception <a 'java/lang/NoSuchMethodError'{0x00000000897bbbe8}: 'java.lang.Object java.lang.invoke.DirectMethodHandle$Holder.invokeVirtual(java.lang.Object, java.lang.Object, java.lang.Object)'> (0x00000000897bbbe8) 
thrown [s\open\src\hotspot\share\interpreter\linkResolver.cpp, line 774]
Event: 2.005 Thread 0x000001c4742687e0 Exception <a 'java/lang/NoSuchMethodError'{0x0000000089661670}: 'void java.lang.invoke.DirectMethodHandle$Holder.invokeVirtual(java.lang.Object, java.lang.Object, java.lang.Object, java.lang.Object)'> (0x0000000089661670) 
thrown [s\open\src\hotspot\share\interpreter\linkResolver.cpp, line 774]
Event: 2.163 Thread 0x000001c4742687e0 Exception <a 'java/lang/NoSuchMethodError'{0x000000008948c6b8}: 'void java.lang.invoke.DirectMethodHandle$Holder.invokeSpecial(java.lang.Object, java.lang.Object, java.lang.Object)'> (0x000000008948c6b8) 
thrown [s\open\src\hotspot\share\interpreter\linkResolver.cpp, line 774]
Event: 2.178 Thread 0x000001c417f6a040 Exception <a 'java/lang/NoClassDefFoundError'{0x00000000894dccd8}: jakarta/validation/Validation> (0x00000000894dccd8) 
thrown [s\open\src\hotspot\share\classfile\systemDictionary.cpp, line 244]
Event: 2.180 Thread 0x000001c4742687e0 Exception <a 'java/lang/NoSuchMethodError'{0x00000000894f3988}: 'java.lang.reflect.Field[] java.lang.Class.getDeclaredFields(java.lang.Class)'> (0x00000000894f3988) 
thrown [s\open\src\hotspot\share\interpreter\linkResolver.cpp, line 774]
Event: 2.182 Thread 0x000001c4742687e0 Exception <a 'java/lang/NoSuchMethodError'{0x00000000894f83e0}: 'java.lang.Object java.lang.invoke.DirectMethodHandle$Holder.invokeStatic(java.lang.Object, java.lang.Object, int)'> (0x00000000894f83e0) 
thrown [s\open\src\hotspot\share\interpreter\linkResolver.cpp, line 774]
Event: 2.185 Thread 0x000001c4742687e0 Exception <a 'java/lang/NoSuchMethodError'{0x0000000089331fb8}: 'void java.lang.invoke.DelegatingMethodHandle$Holder.delegate(java.lang.Object, java.lang.Object, int, java.lang.Object)'> (0x0000000089331fb8) 
thrown [s\open\src\hotspot\share\interpreter\linkResolver.cpp, line 774]
Event: 2.217 Thread 0x000001c4742687e0 Exception <a 'java/lang/IncompatibleClassChangeError'{0x000000008925b508}: Found class java.lang.Object, but interface was expected> (0x000000008925b508) 
thrown [s\open\src\hotspot\share\interpreter\linkResolver.cpp, line 841]

VM Operations (20 events):
Event: 1.185 Executing VM operation: G1CollectForAllocation
Event: 1.192 Executing VM operation: G1CollectForAllocation done
Event: 1.192 Executing VM operation: HandshakeAllThreads
Event: 1.192 Executing VM operation: HandshakeAllThreads done
Event: 1.223 Executing VM operation: HandshakeAllThreads
Event: 1.223 Executing VM operation: HandshakeAllThreads done
Event: 1.223 Executing VM operation: HandshakeAllThreads
Event: 1.223 Executing VM operation: HandshakeAllThreads done
Event: 1.415 Executing VM operation: HandshakeAllThreads
Event: 1.415 Executing VM operation: HandshakeAllThreads done
Event: 1.829 Executing VM operation: HandshakeAllThreads
Event: 1.829 Executing VM operation: HandshakeAllThreads done
Event: 1.934 Executing VM operation: G1CollectForAllocation
Event: 1.941 Executing VM operation: G1CollectForAllocation done
Event: 2.151 Executing VM operation: HandshakeAllThreads
Event: 2.151 Executing VM operation: HandshakeAllThreads done
Event: 2.158 Executing VM operation: HandshakeAllThreads
Event: 2.158 Executing VM operation: HandshakeAllThreads done
Event: 2.181 Executing VM operation: HandshakeAllThreads
Event: 2.181 Executing VM operation: HandshakeAllThreads done

Events (19 events):
Event: 0.044 Thread 0x000001c4742687e0 Thread added: 0x000001c4742687e0
Event: 0.072 Thread 0x000001c47f2321e0 Thread added: 0x000001c47f2321e0
Event: 0.072 Thread 0x000001c47f233170 Thread added: 0x000001c47f233170
Event: 0.073 Thread 0x000001c47f234e50 Thread added: 0x000001c47f234e50
Event: 0.073 Thread 0x000001c47f237890 Thread added: 0x000001c47f237890
Event: 0.073 Thread 0x000001c47f23a1d0 Thread added: 0x000001c47f23a1d0
Event: 0.073 Thread 0x000001c47f23f200 Thread added: 0x000001c47f23f200
Event: 0.073 Thread 0x000001c47f23fcd0 Thread added: 0x000001c47f23fcd0
Event: 0.074 Thread 0x000001c47f245e90 Thread added: 0x000001c47f245e90
Event: 0.076 Thread 0x000001c417110060 Thread added: 0x000001c417110060
Event: 0.219 Thread 0x000001c4171f2700 Thread added: 0x000001c4171f2700
Event: 0.219 Thread 0x000001c4171f2e60 Thread added: 0x000001c4171f2e60
Event: 0.221 Thread 0x000001c41720fe50 Thread added: 0x000001c41720fe50
Event: 0.234 Thread 0x000001c417214270 Thread added: 0x000001c417214270
Event: 0.252 Thread 0x000001c4172196a0 Thread added: 0x000001c4172196a0
Event: 0.448 Thread 0x000001c4172a3eb0 Thread added: 0x000001c4172a3eb0
Event: 1.231 Thread 0x000001c4172a3eb0 Thread exited: 0x000001c4172a3eb0
Event: 2.015 Thread 0x000001c417f2c700 Thread added: 0x000001c417f2c700
Event: 2.171 Thread 0x000001c417f6a040 Thread added: 0x000001c417f6a040


Dynamic libraries:
0x00007ff69ae70000 - 0x00007ff69ae80000 	C:\Program Files\Java\jdk-19\bin\java.exe
0x00007ffe3a910000 - 0x00007ffe3ab27000 	C:\WINDOWS\SYSTEM32\ntdll.dll
0x00007ffe39db0000 - 0x00007ffe39e74000 	C:\WINDOWS\System32\KERNEL32.DLL
0x00007ffe37d20000 - 0x00007ffe380da000 	C:\WINDOWS\System32\KERNELBASE.dll
0x00007ffe38390000 - 0x00007ffe384a1000 	C:\WINDOWS\System32\ucrtbase.dll
0x00007ffe2f8a0000 - 0x00007ffe2f8b8000 	C:\Program Files\Java\jdk-19\bin\jli.dll
0x00007ffe2f860000 - 0x00007ffe2f87b000 	C:\Program Files\Java\jdk-19\bin\VCRUNTIME140.dll
0x00007ffe3a810000 - 0x00007ffe3a8c2000 	C:\WINDOWS\System32\ADVAPI32.dll
0x00007ffe3a5d0000 - 0x00007ffe3a677000 	C:\WINDOWS\System32\msvcrt.dll
0x00007ffe3a680000 - 0x00007ffe3a727000 	C:\WINDOWS\System32\sechost.dll
0x00007ffe37bd0000 - 0x00007ffe37bf8000 	C:\WINDOWS\System32\bcrypt.dll
0x00007ffe39c90000 - 0x00007ffe39da4000 	C:\WINDOWS\System32\RPCRT4.dll
0x00007ffe38940000 - 0x00007ffe38aee000 	C:\WINDOWS\System32\USER32.dll
0x00007ffe38530000 - 0x00007ffe38556000 	C:\WINDOWS\System32\win32u.dll
0x00007ffe3a220000 - 0x00007ffe3a249000 	C:\WINDOWS\System32\GDI32.dll
0x00007ffe37c00000 - 0x00007ffe37d1b000 	C:\WINDOWS\System32\gdi32full.dll
0x00007ffe38560000 - 0x00007ffe385fa000 	C:\WINDOWS\System32\msvcp_win.dll
0x00007ffe222e0000 - 0x00007ffe22572000 	C:\WINDOWS\WinSxS\amd64_microsoft.windows.common-controls_6595b64144ccf1df_6.0.22621.4541_none_2710d1c57384c085\COMCTL32.dll
0x00007ffe26dd0000 - 0x00007ffe26dda000 	C:\WINDOWS\SYSTEM32\VERSION.dll
0x00007ffe38800000 - 0x00007ffe38831000 	C:\WINDOWS\System32\IMM32.DLL
0x00007ffe2f890000 - 0x00007ffe2f89c000 	C:\Program Files\Java\jdk-19\bin\vcruntime140_1.dll
0x00007ffe206c0000 - 0x00007ffe2074e000 	C:\Program Files\Java\jdk-19\bin\msvcp140.dll
0x00007ffdec1c0000 - 0x00007ffdece80000 	C:\Program Files\Java\jdk-19\bin\server\jvm.dll
0x00007ffe0ea60000 - 0x00007ffe0ea69000 	C:\WINDOWS\SYSTEM32\WSOCK32.dll
0x00007ffe26fa0000 - 0x00007ffe26fd4000 	C:\WINDOWS\SYSTEM32\WINMM.dll
0x00007ffe3a350000 - 0x00007ffe3a3c1000 	C:\WINDOWS\System32\WS2_32.dll
0x00007ffe36bd0000 - 0x00007ffe36be8000 	C:\WINDOWS\SYSTEM32\kernel.appcore.dll
0x00007ffe2f840000 - 0x00007ffe2f84a000 	C:\Program Files\Java\jdk-19\bin\jimage.dll
0x00007ffe353e0000 - 0x00007ffe35612000 	C:\WINDOWS\SYSTEM32\DBGHELP.DLL
0x00007ffe39e80000 - 0x00007ffe3a211000 	C:\WINDOWS\System32\combase.dll
0x00007ffe3a730000 - 0x00007ffe3a807000 	C:\WINDOWS\System32\OLEAUT32.dll
0x00007ffe03720000 - 0x00007ffe03752000 	C:\WINDOWS\SYSTEM32\dbgcore.DLL
0x00007ffe38250000 - 0x00007ffe382cb000 	C:\WINDOWS\System32\bcryptPrimitives.dll
0x00007ffe263d0000 - 0x00007ffe2640c000 	C:\Program Files\Java\jdk-19\bin\jdwp.dll
0x00007ffe21200000 - 0x00007ffe21226000 	C:\Program Files\Java\jdk-19\bin\java.dll
0x00007ffe065b0000 - 0x00007ffe06687000 	C:\Program Files\Java\jdk-19\bin\jsvml.dll
0x00007ffe38ee0000 - 0x00007ffe39759000 	C:\WINDOWS\System32\SHELL32.dll
0x00007ffe35ac0000 - 0x00007ffe363c9000 	C:\WINDOWS\SYSTEM32\windows.storage.dll
0x00007ffe35980000 - 0x00007ffe35abf000 	C:\WINDOWS\SYSTEM32\wintypes.dll
0x00007ffe38700000 - 0x00007ffe387fa000 	C:\WINDOWS\System32\SHCORE.dll
0x00007ffe3a2e0000 - 0x00007ffe3a33e000 	C:\WINDOWS\System32\shlwapi.dll
0x00007ffe37b00000 - 0x00007ffe37b2b000 	C:\WINDOWS\SYSTEM32\profapi.dll
0x00007ffe263c0000 - 0x00007ffe263cc000 	C:\Program Files\Java\jdk-19\bin\dt_socket.dll
0x00007ffe36630000 - 0x00007ffe3665d000 	C:\WINDOWS\SYSTEM32\IPHLPAPI.DLL
0x00007ffe37060000 - 0x00007ffe370c9000 	C:\WINDOWS\system32\mswsock.dll
0x00007ffe2d930000 - 0x00007ffe2d943000 	C:\Program Files\Java\jdk-19\bin\net.dll
0x00007ffe2c5f0000 - 0x00007ffe2c726000 	C:\WINDOWS\SYSTEM32\WINHTTP.dll
0x00007ffe265a0000 - 0x00007ffe265b6000 	C:\Program Files\Java\jdk-19\bin\nio.dll
0x00007ffe206a0000 - 0x00007ffe206b8000 	C:\Program Files\Java\jdk-19\bin\zip.dll

dbghelp: loaded successfully - version: 4.0.5 - missing functions: none
symbol engine: initialized successfully - sym options: 0x614 - pdb path: .;C:\Program Files\Java\jdk-19\bin;C:\WINDOWS\SYSTEM32;C:\WINDOWS\WinSxS\amd64_microsoft.windows.common-controls_6595b64144ccf1df_6.0.22621.4541_none_2710d1c57384c085;C:\Program Files\Java\jdk-19\bin\server

VM Arguments:
jvm_args: -agentlib:jdwp=transport=dt_socket,address=127.0.0.1:51493,suspend=y,server=n -Dfile.encoding=UTF-8 -Dsun.stdout.encoding=UTF-8 -Dsun.stderr.encoding=UTF-8 
java_command: com.headout.assignment.headout.application.HeadoutApplication
java_class_path (initial): C:\Users\Rishivendra Gupta\Desktop\practice\headout\target\classes;C:\Users\Rishivendra Gupta\.m2\repository\org\springframework\boot\spring-boot-starter-data-jpa\3.4.3\spring-boot-starter-data-jpa-3.4.3.jar;C:\Users\Rishivendra Gupta\.m2\repository\org\springframework\boot\spring-boot-starter\3.4.3\spring-boot-starter-3.4.3.jar;C:\Users\Rishivendra Gupta\.m2\repository\org\springframework\boot\spring-boot\3.4.3\spring-boot-3.4.3.jar;C:\Users\Rishivendra Gupta\.m2\repository\org\springframework\boot\spring-boot-autoconfigure\3.4.3\spring-boot-autoconfigure-3.4.3.jar;C:\Users\Rishivendra Gupta\.m2\repository\org\springframework\boot\spring-boot-starter-logging\3.4.3\spring-boot-starter-logging-3.4.3.jar;C:\Users\Rishivendra Gupta\.m2\repository\ch\qos\logback\logback-classic\1.5.16\logback-classic-1.5.16.jar;C:\Users\Rishivendra Gupta\.m2\repository\ch\qos\logback\logback-core\1.5.16\logback-core-1.5.16.jar;C:\Users\Rishivendra Gupta\.m2\repository\org\apache\logging\log4j\log4j-to-slf4j\2.24.3\log4j-to-slf4j-2.24.3.jar;C:\Users\Rishivendra Gupta\.m2\repository\org\apache\logging\log4j\log4j-api\2.24.3\log4j-api-2.24.3.jar;C:\Users\Rishivendra Gupta\.m2\repository\org\slf4j\jul-to-slf4j\2.0.16\jul-to-slf4j-2.0.16.jar;C:\Users\Rishivendra Gupta\.m2\repository\jakarta\annotation\jakarta.annotation-api\2.1.1\jakarta.annotation-api-2.1.1.jar;C:\Users\Rishivendra Gupta\.m2\repository\org\yaml\snakeyaml\2.3\snakeyaml-2.3.jar;C:\Users\Rishivendra Gupta\.m2\repository\org\springframework\boot\spring-boot-starter-jdbc\3.4.3\spring-boot-starter-jdbc-3.4.3.jar;C:\Users\Rishivendra Gupta\.m2\repository\com\zaxxer\HikariCP\5.1.0\HikariCP-5.1.0.jar;C:\Users\Rishivendra Gupta\.m2\repository\org\springframework\spring-jdbc\6.2.3\spring-jdbc-6.2.3.jar;C:\Users\Rishivendra Gupta\.m2\repository\org\hibernate\orm\hibernate-core\6.6.8.Final\hibernate-core-6.6.8.Final.jar;C:\Users\Rishivendra Gupta\.m2\repository\jakarta\persistence\jakarta.persistence-api\3.1.0\jakarta.persistence-api-3.1.0.jar;C:\Users\Rishivendra Gupta\.m2\repository\jakarta\transaction\jakarta.transaction-api\2.0.1\jakarta.transaction-api-2.0.1.jar;C:\Users\Rishivendra Gupta\.m2\repository\org\jboss\logging\jboss-logging\3.6.1.Final\jboss-logging-3.6.1.Final.jar;C:\Users\Rishivendra Gupta\.m2\repository\org\hibernate\common\hibernate-commons-annotations\7.0.3.Final\hibernate-commons-annotations-7.0.3.Final.jar;C:\Users\Rishivendra Gupta\.m2\repository\io\smallrye\jandex\3.2.0\jandex-3.2.0.jar;C:\Users\Rishivendra Gupta\.m2\repository\com\fasterxml\classmate\1.7.0\classmate-1.7.0.jar;C:\Users\Rishivendra Gupta\.m2\repository\net\bytebuddy\byte-buddy\1.15.11\byte-buddy-1.15.11.jar;C:\Users\Rishivendra Gupta\.m2\repository\org\glassfish\jaxb\jaxb-runtime\4.0.5\jaxb-runtime-4.0.5.jar;C:\Users\Rishivendra Gupta\.m2\repository\org\glassfish\jaxb\jaxb-core\4.0.5\jaxb-core-4.0.5.jar;C:\Users\Rishivendra Gupta\.m2\repository\org\eclipse\angus\angus-activation\2.0.2\angus-activation-2.0.2.jar;C:\Users\Rishivendra Gupta\.m2\repository\org\glassfish\jaxb\txw2\4.0.5\txw2-4.0.5.jar;C:\Users\Rishivendra Gupta\.m2\repository\com\sun\istack\istack-commons-runtime\4.1.2\istack-commons-runtime-4.1.2.jar;C:\Users\Rishivendra Gupta\.m2\repository\jakarta\inject\jakarta.inject-api\2.0.1\jakarta.inject-api-2.0.1.jar;C:\Users\Rishivendra Gupta\.m2\repository\org\antlr\antlr4-runtime\4.13.0\antlr4-runtime-4.13.0.jar;C:\Users\Rishivendra Gupta\.m2\repository\org\springframework\data\spring-data-jpa\3.4.3\spring-data-jpa-3.4.3.jar;C:\Users\Rishivendra Gupta\.m2\repository\org\springframework\data\spring-data-commons\3.4.3\spring-data-commons-3.4.3.jar;C:\Users\Rishivendra Gupta\.m2\repository\org\springframework\spring-orm\6.2.3\spring-orm-6.2.3.jar;C:\Users\Rishivendra Gupta\.m2\repository\org\springframework\spring-context\6.2.3\spring-context-6.2.3.jar;C:\Users\Rishivendra Gupta\.m2\repository\org\springframework\spring-aop\6.2.3\spring-aop-6.2.3.jar;C:\Users\Rishivendra Gupta\.m2\repository\org\springframework\spring-tx\6.2.3\spring-tx-6.2.3.jar;C:\Users\Rishivendra Gupta\.m2\repository\org\springframework\spring-beans\6.2.3\spring-beans-6.2.3.jar;C:\Users\Rishivendra Gupta\.m2\repository\org\slf4j\slf4j-api\2.0.16\slf4j-api-2.0.16.jar;C:\Users\Rishivendra Gupta\.m2\repository\org\springframework\spring-aspects\6.2.3\spring-aspects-6.2.3.jar;C:\Users\Rishivendra Gupta\.m2\repository\org\aspectj\aspectjweaver\1.9.22.1\aspectjweaver-1.9.22.1.jar;C:\Users\Rishivendra Gupta\.m2\repository\org\springframework\boot\spring-boot-starter-web\3.4.3\spring-boot-starter-web-3.4.3.jar;C:\Users\Rishivendra Gupta\.m2\repository\org\springframework\boot\spring-boot-starter-json\3.4.3\spring-boot-starter-json-3.4.3.jar;C:\Users\Rishivendra Gupta\.m2\repository\com\fasterxml\jackson\core\jackson-databind\2.18.2\jackson-databind-2.18.2.jar;C:\Users\Rishivendra Gupta\.m2\repository\com\fasterxml\jackson\core\jackson-annotations\2.18.2\jackson-annotations-2.18.2.jar;C:\Users\Rishivendra Gupta\.m2\repository\com\fasterxml\jackson\core\jackson-core\2.18.2\jackson-core-2.18.2.jar;C:\Users\Rishivendra Gupta\.m2\repository\com\fasterxml\jackson\datatype\jackson-datatype-jdk8\2.18.2\jackson-datatype-jdk8-2.18.2.jar;C:\Users\Rishivendra Gupta\.m2\repository\com\fasterxml\jackson\datatype\jackson-datatype-jsr310\2.18.2\jackson-datatype-jsr310-2.18.2.jar;C:\Users\Rishivendra Gupta\.m2\repository\com\fasterxml\jackson\module\jackson-module-parameter-names\2.18.2\jackson-module-parameter-names-2.18.2.jar;C:\Users\Rishivendra Gupta\.m2\repository\org\springframework\boot\spring-boot-starter-tomcat\3.4.3\spring-boot-starter-tomcat-3.4.3.jar;C:\Users\Rishivendra Gupta\.m2\repository\org\apache\tomcat\embed\tomcat-embed-core\10.1.36\tomcat-embed-core-10.1.36.jar;C:\Users\Rishivendra Gupta\.m2\repository\org\apache\tomcat\embed\tomcat-embed-el\10.1.36\tomcat-embed-el-10.1.36.jar;C:\Users\Rishivendra Gupta\.m2\repository\org\apache\tomcat\embed\tomcat-embed-websocket\10.1.36\tomcat-embed-websocket-10.1.36.jar;C:\Users\Rishivendra Gupta\.m2\repository\org\springframework\spring-web\6.2.3\spring-web-6.2.3.jar;C:\Users\Rishivendra Gupta\.m2\repository\io\micrometer\micrometer-observation\1.14.4\micrometer-observation-1.14.4.jar;C:\Users\Rishivendra Gupta\.m2\repository\io\micrometer\micrometer-commons\1.14.4\micrometer-commons-1.14.4.jar;C:\Users\Rishivendra Gupta\.m2\repository\org\springframework\spring-webmvc\6.2.3\spring-webmvc-6.2.3.jar;C:\Users\Rishivendra Gupta\.m2\repository\org\springframework\spring-expression\6.2.3\spring-expression-6.2.3.jar;C:\Users\Rishivendra Gupta\.m2\repository\com\h2database\h2\2.3.232\h2-2.3.232.jar;C:\Users\Rishivendra Gupta\.m2\repository\org\projectlombok\lombok\1.18.36\lombok-1.18.36.jar;C:\Users\Rishivendra Gupta\.m2\repository\jakarta\xml\bind\jakarta.xml.bind-api\4.0.2\jakarta.xml.bind-api-4.0.2.jar;C:\Users\Rishivendra Gupta\.m2\repository\jakarta\activation\jakarta.activation-api\2.1.3\jakarta.activation-api-2.1.3.jar;C:\Users\Rishivendra Gupta\.m2\repository\org\springframework\spring-core\6.2.3\spring-core-6.2.3.jar;C:\Users\Rishivendra Gupta\.m2\repository\org\springframework\spring-jcl\6.2.3\spring-jcl-6.2.3.jar;C:\Program Files\JetBrains\IntelliJ IDEA Community Edition 2024.3.3\lib\idea_rt.jar
Launcher Type: SUN_STANDARD

[Global flags]
     intx CICompilerCount                          = 3                                         {product} {ergonomic}
     uint ConcGCThreads                            = 1                                         {product} {ergonomic}
     uint G1ConcRefinementThreads                  = 4                                         {product} {ergonomic}
   size_t G1HeapRegionSize                         = 1048576                                   {product} {ergonomic}
    uintx GCDrainStackTargetSize                   = 64                                        {product} {ergonomic}
   size_t InitialHeapSize                          = 134217728                                 {product} {ergonomic}
   size_t MarkStackSize                            = 4194304                                   {product} {ergonomic}
   size_t MaxHeapSize                              = 2122317824                                {product} {ergonomic}
   size_t MaxNewSize                               = 1272971264                                {product} {ergonomic}
   size_t MinHeapDeltaBytes                        = 1048576                                   {product} {ergonomic}
   size_t MinHeapSize                              = 8388608                                   {product} {ergonomic}
    uintx NonNMethodCodeHeapSize                   = 5832780                                {pd product} {ergonomic}
    uintx NonProfiledCodeHeapSize                  = 122912730                              {pd product} {ergonomic}
    uintx ProfiledCodeHeapSize                     = 122912730                              {pd product} {ergonomic}
    uintx ReservedCodeCacheSize                    = 251658240                              {pd product} {ergonomic}
     bool SegmentedCodeCache                       = true                                      {product} {ergonomic}
   size_t SoftMaxHeapSize                          = 2122317824                             {manageable} {ergonomic}
     bool UseCompressedClassPointers               = true                           {product lp64_product} {ergonomic}
     bool UseCompressedOops                        = true                           {product lp64_product} {ergonomic}
     bool UseG1GC                                  = true                                      {product} {ergonomic}
     bool UseLargePagesIndividualAllocation        = false                                  {pd product} {ergonomic}

Logging:
Log output configuration:
 #0: stdout all=warning uptime,level,tags foldmultilines=false
 #1: stderr all=off uptime,level,tags foldmultilines=false

Environment Variables:
PATH=C:\Program Files\Common Files\Oracle\Java\javapath;C:\Program Files\Docker\Docker\Resources\bin;C:\WINDOWS\system32;C:\WINDOWS;C:\WINDOWS\System32\Wbem;C:\WINDOWS\System32\WindowsPowerShell\v1.0\;C:\WINDOWS\System32\OpenSSH\;C:\Program Files\dotnet\;C:\Program Files\Java\jdk-19\bin;C:\Program Files (x86)\Intel\Intel(R) Management Engine Components\DAL;C:\Program Files\Intel\Intel(R) Management Engine Components\DAL;C:\Program Files\Git\cmd;C:\Users\Rishivendra Gupta\AppData\Local\Microsoft\WindowsApps;C:\Program Files\Java\jdk-13.0.2\bin;C:\Users\Rishivendra Gupta\AppData\Local\Programs\Microsoft VS Code\bin;C:\Users\Rishivendra Gupta\AppData\Local\GitHubDesktop\bin
USERNAME=Rishivendra Gupta
OS=Windows_NT
PROCESSOR_IDENTIFIER=Intel64 Family 6 Model 142 Stepping 9, GenuineIntel
TMP=C:\Users\Rishivendra Gupta\AppData\Local\Temp
TEMP=C:\Users\Rishivendra Gupta\AppData\Local\Temp



---------------  S Y S T E M  ---------------

OS:
 Windows 11 , 64 bit Build 22621 (10.0.22621.4391)
OS uptime: 0 days 11:13 hours
Hyper-V role detected

CPU: total 4 (initial active 4) (2 cores per cpu, 2 threads per core) family 6 model 142 stepping 9 microcode 0xf4, cx8, cmov, fxsr, ht, mmx, 3dnowpref, sse, sse2, sse3, ssse3, sse4.1, sse4.2, popcnt, lzcnt, tsc, tscinvbit, avx, avx2, aes, erms, clmul, bmi1, bmi2, adx, fma, vzeroupper, clflush, clflushopt, hv, rdtscp

Memory: 4k page, system-wide physical 8092M (612M free)
TotalPageFile size 10140M (AvailPageFile size 4M)
current process WorkingSet (physical memory assigned to process): 85M, peak: 85M
current process commit charge ("private bytes"): 229M, peak: 229M

vm_info: Java HotSpot(TM) 64-Bit Server VM (19.0.2+7-44) for windows-amd64 JRE (19.0.2+7-44), built on 2022-11-30T18:02:09Z by "mach5one" with MS VC++ 17.1 (VS2022)

END.
